<?xml version="1.0" encoding="UTF-8"?>
<testsuite xmlns:xsi="http://www.w3.org/2001/XMLSchema-instance" xsi:noNamespaceSchemaLocation="https://maven.apache.org/surefire/maven-surefire-plugin/xsd/surefire-test-report.xsd" version="3.0.2" name="com.itheima.JwtTest" time="0.046" tests="2" errors="0" skipped="0" failures="0" flakes="0">
  <properties>
[...]
</properties>
  <testcase name="testGen" classname="com.itheima.JwtTest" time="0.035">
    <system-out><![CDATA[eyJhbGciOiJIUzI1NiIsInR5cCI6IkpXVCJ9.eyJ1c2VyIjp7ImlkIjoxLCJ1c2VybmFtZSI6IuW8oOS4iSJ9LCJleHAiOjE3ODEwMjg2NjF9.V1fCG1QYvuttcu7g4awkLhQE_Upe2eQgXaCWXywEcnw
]]></system-out>
  </testcase>
  <testcase name="testParse" classname="com.itheima.JwtTest" time="0.01">
    <system-out><![CDATA[{"id":1,"username":"张三"}
]]></system-out>
  </testcase>
</testsuite>